<?xml version="1.0" encoding="UTF-8"?>
<coverage generated="1597022120287" clover="3.2.0">
  <project timestamp="1597022120288" name="All files">
    <metrics statements="200" coveredstatements="162" conditionals="97" coveredconditionals="68" methods="64" coveredmethods="45" elements="361" coveredelements="275" complexity="0" loc="200" ncloc="200" packages="12" files="20" classes="20">
      <package name="src.components">
        <metrics statements="19" coveredstatements="15" conditionals="17" coveredconditionals="9" methods="10" coveredmethods="6"/>
        <file name="Block.js" path="/Users/mackdiego/fullStackLabs/toy-blocks-client-react/src/components/Block.js">
          <metrics statements="5" coveredstatements="3" conditionals="0" coveredconditionals="0" methods="2" coveredmethods="0"/>
          <line num="6" count="1" type="stmt"/>
          <line num="7" count="0" type="stmt"/>
          <line num="8" count="0" type="stmt"/>
          <line num="18" count="1" type="stmt"/>
          <line num="37" count="1" type="stmt"/>
        </file>
        <file name="Node.js" path="/Users/mackdiego/fullStackLabs/toy-blocks-client-react/src/components/Node.js">
          <metrics statements="7" coveredstatements="5" conditionals="7" coveredconditionals="4" methods="4" coveredmethods="2"/>
          <line num="15" count="1" type="stmt"/>
          <line num="16" count="2" type="stmt"/>
          <line num="17" count="2" type="stmt"/>
          <line num="22" count="0" type="stmt"/>
          <line num="54" count="0" type="stmt"/>
          <line num="62" count="1" type="stmt"/>
          <line num="113" count="1" type="stmt"/>
        </file>
        <file name="Status.js" path="/Users/mackdiego/fullStackLabs/toy-blocks-client-react/src/components/Status.js">
          <metrics statements="7" coveredstatements="7" conditionals="10" coveredconditionals="5" methods="4" coveredmethods="4"/>
          <line num="7" count="2" type="stmt"/>
          <line num="8" count="2" type="stmt"/>
          <line num="18" count="1" type="stmt"/>
          <line num="20" count="2" type="cond" truecount="1" falsecount="1"/>
          <line num="25" count="2" type="stmt"/>
          <line num="33" count="2" type="stmt"/>
          <line num="44" count="1" type="stmt"/>
        </file>
      </package>
      <package name="src.constants">
        <metrics statements="8" coveredstatements="8" conditionals="0" coveredconditionals="0" methods="0" coveredmethods="0"/>
        <file name="actionTypes.js" path="/Users/mackdiego/fullStackLabs/toy-blocks-client-react/src/constants/actionTypes.js">
          <metrics statements="8" coveredstatements="8" conditionals="0" coveredconditionals="0" methods="0" coveredmethods="0"/>
          <line num="1" count="5" type="stmt"/>
          <line num="3" count="5" type="stmt"/>
          <line num="4" count="5" type="stmt"/>
          <line num="5" count="5" type="stmt"/>
          <line num="7" count="5" type="stmt"/>
          <line num="9" count="5" type="stmt"/>
          <line num="10" count="5" type="stmt"/>
          <line num="11" count="5" type="stmt"/>
        </file>
        <file name="colors.js" path="/Users/mackdiego/fullStackLabs/toy-blocks-client-react/src/constants/colors.js">
          <metrics statements="0" coveredstatements="0" conditionals="0" coveredconditionals="0" methods="0" coveredmethods="0"/>
        </file>
      </package>
      <package name="src.containers">
        <metrics statements="18" coveredstatements="11" conditionals="11" coveredconditionals="3" methods="8" coveredmethods="6"/>
        <file name="Nodes.js" path="/Users/mackdiego/fullStackLabs/toy-blocks-client-react/src/containers/Nodes.js">
          <metrics statements="18" coveredstatements="11" conditionals="11" coveredconditionals="3" methods="8" coveredmethods="6"/>
          <line num="12" count="2" type="stmt"/>
          <line num="13" count="2" type="stmt"/>
          <line num="16" count="2" type="stmt"/>
          <line num="20" count="2" type="stmt"/>
          <line num="21" count="2" type="cond" truecount="2" falsecount="0"/>
          <line num="25" count="0" type="stmt"/>
          <line num="26" count="0" type="stmt"/>
          <line num="28" count="0" type="stmt"/>
          <line num="33" count="0" type="stmt"/>
          <line num="34" count="0" type="stmt"/>
          <line num="35" count="0" type="cond" truecount="0" falsecount="5"/>
          <line num="36" count="0" type="stmt"/>
          <line num="42" count="2" type="stmt"/>
          <line num="43" count="2" type="stmt"/>
          <line num="49" count="4" type="stmt"/>
          <line num="61" count="1" type="stmt"/>
          <line num="68" count="1" type="stmt"/>
          <line num="74" count="1" type="stmt"/>
        </file>
      </package>
      <package name="src.state">
        <metrics statements="2" coveredstatements="2" conditionals="0" coveredconditionals="0" methods="0" coveredmethods="0"/>
        <file name="initialState.js" path="/Users/mackdiego/fullStackLabs/toy-blocks-client-react/src/state/initialState.js">
          <metrics statements="0" coveredstatements="0" conditionals="0" coveredconditionals="0" methods="0" coveredmethods="0"/>
        </file>
        <file name="rootEpics.js" path="/Users/mackdiego/fullStackLabs/toy-blocks-client-react/src/state/rootEpics.js">
          <metrics statements="1" coveredstatements="1" conditionals="0" coveredconditionals="0" methods="0" coveredmethods="0"/>
          <line num="4" count="1" type="stmt"/>
        </file>
        <file name="rootReducer.js" path="/Users/mackdiego/fullStackLabs/toy-blocks-client-react/src/state/rootReducer.js">
          <metrics statements="1" coveredstatements="1" conditionals="0" coveredconditionals="0" methods="0" coveredmethods="0"/>
          <line num="4" count="1" type="stmt"/>
        </file>
      </package>
      <package name="src.state.modules.blocks">
        <metrics statements="4" coveredstatements="0" conditionals="0" coveredconditionals="0" methods="3" coveredmethods="0"/>
        <file name="blocks.api.js" path="/Users/mackdiego/fullStackLabs/toy-blocks-client-react/src/state/modules/blocks/blocks.api.js">
          <metrics statements="4" coveredstatements="0" conditionals="0" coveredconditionals="0" methods="3" coveredmethods="0"/>
          <line num="5" count="0" type="stmt"/>
          <line num="6" count="0" type="stmt"/>
          <line num="7" count="0" type="stmt"/>
          <line num="8" count="0" type="stmt"/>
        </file>
      </package>
      <package name="src.state.modules.blocks.actions">
        <metrics statements="5" coveredstatements="4" conditionals="0" coveredconditionals="0" methods="3" coveredmethods="2"/>
        <file name="blocks.creators.js" path="/Users/mackdiego/fullStackLabs/toy-blocks-client-react/src/state/modules/blocks/actions/blocks.creators.js">
          <metrics statements="5" coveredstatements="4" conditionals="0" coveredconditionals="0" methods="3" coveredmethods="2"/>
          <line num="8" count="3" type="stmt"/>
          <line num="12" count="3" type="stmt"/>
          <line num="13" count="0" type="stmt"/>
          <line num="16" count="3" type="stmt"/>
          <line num="20" count="3" type="stmt"/>
        </file>
      </package>
      <package name="src.state.modules.blocks.epics">
        <metrics statements="7" coveredstatements="1" conditionals="0" coveredconditionals="0" methods="6" coveredmethods="1"/>
        <file name="blocks.epic.js" path="/Users/mackdiego/fullStackLabs/toy-blocks-client-react/src/state/modules/blocks/epics/blocks.epic.js">
          <metrics statements="7" coveredstatements="1" conditionals="0" coveredconditionals="0" methods="6" coveredmethods="1"/>
          <line num="14" count="1" type="stmt"/>
          <line num="17" count="0" type="stmt"/>
          <line num="19" count="0" type="stmt"/>
          <line num="25" count="0" type="stmt"/>
          <line num="30" count="0" type="stmt"/>
          <line num="34" count="0" type="stmt"/>
          <line num="40" count="0" type="stmt"/>
        </file>
      </package>
      <package name="src.state.modules.nodes.actions">
        <metrics statements="18" coveredstatements="15" conditionals="2" coveredconditionals="1" methods="8" coveredmethods="7"/>
        <file name="nodes.js" path="/Users/mackdiego/fullStackLabs/toy-blocks-client-react/src/state/modules/nodes/actions/nodes.js">
          <metrics statements="18" coveredstatements="15" conditionals="2" coveredconditionals="1" methods="8" coveredmethods="7"/>
          <line num="4" count="2" type="stmt"/>
          <line num="5" count="3" type="stmt"/>
          <line num="11" count="2" type="stmt"/>
          <line num="12" count="2" type="stmt"/>
          <line num="19" count="2" type="stmt"/>
          <line num="20" count="0" type="stmt"/>
          <line num="27" count="4" type="stmt"/>
          <line num="28" count="3" type="stmt"/>
          <line num="29" count="3" type="stmt"/>
          <line num="30" count="3" type="stmt"/>
          <line num="32" count="2" type="cond" truecount="1" falsecount="1"/>
          <line num="33" count="0" type="stmt"/>
          <line num="36" count="2" type="stmt"/>
          <line num="38" count="2" type="stmt"/>
          <line num="40" count="0" type="stmt"/>
          <line num="46" count="1" type="stmt"/>
          <line num="47" count="1" type="stmt"/>
          <line num="48" count="2" type="stmt"/>
        </file>
      </package>
      <package name="src.state.modules.nodes.reducers">
        <metrics statements="45" coveredstatements="44" conditionals="22" coveredconditionals="18" methods="8" coveredmethods="8"/>
        <file name="nodes.reducer.js" path="/Users/mackdiego/fullStackLabs/toy-blocks-client-react/src/state/modules/nodes/reducers/nodes.reducer.js">
          <metrics statements="45" coveredstatements="44" conditionals="22" coveredconditionals="18" methods="8" coveredmethods="8"/>
          <line num="12" count="2" type="stmt"/>
          <line num="13" count="2" type="cond" truecount="3" falsecount="1"/>
          <line num="16" count="2" type="stmt"/>
          <line num="17" count="2" type="stmt"/>
          <line num="18" count="4" type="cond" truecount="2" falsecount="0"/>
          <line num="19" count="2" type="stmt"/>
          <line num="23" count="2" type="stmt"/>
          <line num="24" count="2" type="stmt"/>
          <line num="26" count="2" type="stmt"/>
          <line num="27" count="2" type="stmt"/>
          <line num="29" count="2" type="stmt"/>
          <line num="32" count="0" type="stmt"/>
          <line num="35" count="2" type="stmt"/>
          <line num="38" count="1" type="stmt"/>
          <line num="39" count="1" type="stmt"/>
          <line num="40" count="2" type="cond" truecount="2" falsecount="0"/>
          <line num="41" count="1" type="stmt"/>
          <line num="46" count="1" type="stmt"/>
          <line num="47" count="1" type="stmt"/>
          <line num="49" count="1" type="stmt"/>
          <line num="50" count="1" type="stmt"/>
          <line num="53" count="1" type="stmt"/>
          <line num="61" count="18" type="cond" truecount="7" falsecount="0"/>
          <line num="63" count="1" type="stmt"/>
          <line num="64" count="1" type="stmt"/>
          <line num="69" count="1" type="stmt"/>
          <line num="70" count="1" type="stmt"/>
          <line num="75" count="1" type="stmt"/>
          <line num="76" count="1" type="stmt"/>
          <line num="81" count="1" type="stmt"/>
          <line num="82" count="1" type="stmt"/>
          <line num="83" count="1" type="cond" truecount="1" falsecount="1"/>
          <line num="84" count="1" type="stmt"/>
          <line num="93" count="1" type="stmt"/>
          <line num="98" count="9" type="stmt"/>
          <line num="99" count="13" type="stmt"/>
          <line num="100" count="9" type="cond" truecount="1" falsecount="1"/>
          <line num="101" count="9" type="stmt"/>
          <line num="112" count="9" type="stmt"/>
          <line num="117" count="1" type="stmt"/>
          <line num="118" count="1" type="stmt"/>
          <line num="119" count="1" type="cond" truecount="1" falsecount="1"/>
          <line num="120" count="1" type="stmt"/>
          <line num="130" count="1" type="stmt"/>
          <line num="135" count="4" type="stmt"/>
        </file>
      </package>
      <package name="src.store">
        <metrics statements="14" coveredstatements="9" conditionals="6" coveredconditionals="4" methods="3" coveredmethods="1"/>
        <file name="configureStore.js" path="/Users/mackdiego/fullStackLabs/toy-blocks-client-react/src/store/configureStore.js">
          <metrics statements="14" coveredstatements="9" conditionals="6" coveredconditionals="4" methods="3" coveredmethods="1"/>
          <line num="10" count="1" type="stmt"/>
          <line num="12" count="1" type="stmt"/>
          <line num="17" count="0" type="stmt"/>
          <line num="25" count="0" type="stmt"/>
          <line num="33" count="1" type="stmt"/>
          <line num="45" count="1" type="cond" truecount="2" falsecount="0"/>
          <line num="46" count="1" type="stmt"/>
          <line num="52" count="1" type="cond" truecount="1" falsecount="1"/>
          <line num="54" count="0" type="stmt"/>
          <line num="55" count="0" type="stmt"/>
          <line num="56" count="0" type="stmt"/>
          <line num="59" count="1" type="stmt"/>
          <line num="60" count="1" type="stmt"/>
          <line num="64" count="1" type="cond" truecount="1" falsecount="1"/>
        </file>
      </package>
      <package name="src.utils">
        <metrics statements="59" coveredstatements="52" conditionals="39" coveredconditionals="33" methods="15" coveredmethods="14"/>
        <file name="dates.js" path="/Users/mackdiego/fullStackLabs/toy-blocks-client-react/src/utils/dates.js">
          <metrics statements="2" coveredstatements="2" conditionals="3" coveredconditionals="2" methods="2" coveredmethods="2"/>
          <line num="2" count="2" type="stmt"/>
          <line num="6" count="4" type="cond" truecount="2" falsecount="0"/>
        </file>
        <file name="fuelSavings.js" path="/Users/mackdiego/fullStackLabs/toy-blocks-client-react/src/utils/fuelSavings.js">
          <metrics statements="19" coveredstatements="17" conditionals="11" coveredconditionals="11" methods="5" coveredmethods="4"/>
          <line num="6" count="6" type="stmt"/>
          <line num="7" count="6" type="stmt"/>
          <line num="12" count="7" type="stmt"/>
          <line num="13" count="7" type="stmt"/>
          <line num="15" count="7" type="cond" truecount="4" falsecount="0"/>
          <line num="17" count="2" type="stmt"/>
          <line num="19" count="2" type="stmt"/>
          <line num="21" count="2" type="stmt"/>
          <line num="23" count="1" type="stmt"/>
          <line num="28" count="4" type="cond" truecount="2" falsecount="0"/>
          <line num="29" count="1" type="stmt"/>
          <line num="32" count="3" type="stmt"/>
          <line num="33" count="3" type="stmt"/>
          <line num="34" count="3" type="stmt"/>
          <line num="35" count="3" type="stmt"/>
          <line num="37" count="3" type="stmt"/>
          <line num="41" count="2" type="cond" truecount="5" falsecount="0"/>
          <line num="49" count="0" type="stmt"/>
          <line num="51" count="0" type="stmt"/>
        </file>
        <file name="math.js" path="/Users/mackdiego/fullStackLabs/toy-blocks-client-react/src/utils/math.js">
          <metrics statements="15" coveredstatements="15" conditionals="8" coveredconditionals="8" methods="4" coveredmethods="4"/>
          <line num="2" count="16" type="cond" truecount="2" falsecount="0"/>
          <line num="3" count="1" type="stmt"/>
          <line num="6" count="15" type="cond" truecount="2" falsecount="0"/>
          <line num="7" count="1" type="stmt"/>
          <line num="10" count="14" type="stmt"/>
          <line num="11" count="14" type="stmt"/>
          <line num="16" count="3" type="stmt"/>
          <line num="17" count="5" type="stmt"/>
          <line num="20" count="3" type="stmt"/>
          <line num="24" count="9" type="cond" truecount="2" falsecount="0"/>
          <line num="25" count="1" type="stmt"/>
          <line num="28" count="8" type="stmt"/>
          <line num="29" count="8" type="stmt"/>
          <line num="30" count="8" type="stmt"/>
          <line num="31" count="8" type="cond" truecount="2" falsecount="0"/>
        </file>
        <file name="numberFormat.js" path="/Users/mackdiego/fullStackLabs/toy-blocks-client-react/src/utils/numberFormat.js">
          <metrics statements="23" coveredstatements="18" conditionals="17" coveredconditionals="12" methods="4" coveredmethods="4"/>
          <line num="4" count="1" type="cond" truecount="1" falsecount="1"/>
          <line num="5" count="0" type="stmt"/>
          <line num="8" count="1" type="stmt"/>
          <line num="12" count="3" type="cond" truecount="2" falsecount="0"/>
          <line num="13" count="1" type="stmt"/>
          <line num="16" count="2" type="cond" truecount="2" falsecount="0"/>
          <line num="17" count="1" type="stmt"/>
          <line num="20" count="1" type="cond" truecount="1" falsecount="1"/>
          <line num="21" count="0" type="stmt"/>
          <line num="24" count="1" type="stmt"/>
          <line num="25" count="1" type="stmt"/>
          <line num="26" count="1" type="stmt"/>
          <line num="28" count="1" type="cond" truecount="1" falsecount="1"/>
          <line num="29" count="1" type="stmt"/>
          <line num="31" count="1" type="cond" truecount="1" falsecount="2"/>
          <line num="33" count="0" type="stmt"/>
          <line num="35" count="1" type="stmt"/>
          <line num="37" count="0" type="stmt"/>
          <line num="40" count="0" type="stmt"/>
          <line num="44" count="4" type="cond" truecount="4" falsecount="0"/>
          <line num="45" count="1" type="stmt"/>
          <line num="48" count="3" type="stmt"/>
          <line num="52" count="2" type="stmt"/>
        </file>
      </package>
      <package name="tools">
        <metrics statements="1" coveredstatements="1" conditionals="0" coveredconditionals="0" methods="0" coveredmethods="0"/>
        <file name="enzymeTestAdapterSetup.js" path="/Users/mackdiego/fullStackLabs/toy-blocks-client-react/tools/enzymeTestAdapterSetup.js">
          <metrics statements="1" coveredstatements="1" conditionals="0" coveredconditionals="0" methods="0" coveredmethods="0"/>
          <line num="4" count="9" type="stmt"/>
        </file>
      </package>
    </metrics>
  </project>
</coverage>
