{"/Users/mackdiego/fullStackLabs/toy-blocks-client-react/src/components/Block.js": {"path":"/Users/mackdiego/fullStackLabs/toy-blocks-client-react/src/components/Block.js","statementMap":{"0":{"start":{"line":6,"column":14},"end":{"line":16,"column":1}},"1":{"start":{"line":7,"column":18},"end":{"line":7,"column":29}},"2":{"start":{"line":8,"column":2},"end":{"line":15,"column":4}},"3":{"start":{"line":18,"column":18},"end":{"line":35,"column":3}},"4":{"start":{"line":18,"column":41},"end":{"line":35,"column":1}},"5":{"start":{"line":37,"column":0},"end":{"line":40,"column":2}}},"fnMap":{"0":{"name":"(anonymous_0)","decl":{"start":{"line":6,"column":14},"end":{"line":6,"column":15}},"loc":{"start":{"line":6,"column":39},"end":{"line":16,"column":1}},"line":6},"1":{"name":"(anonymous_1)","decl":{"start":{"line":18,"column":29},"end":{"line":18,"column":30}},"loc":{"start":{"line":18,"column":41},"end":{"line":35,"column":1}},"line":18}},"branchMap":{},"s":{"0":1,"1":0,"2":0,"3":1,"4":0,"5":1},"f":{"0":0,"1":0},"b":{},"_coverageSchema":"332fd63041d2c1bcb487cc26dd0d5f7d97098a6c","hash":"350bb246c6e951edd415b4cb4f939b56cc310b95"}
,"/Users/mackdiego/fullStackLabs/toy-blocks-client-react/src/components/Node.js": {"path":"/Users/mackdiego/fullStackLabs/toy-blocks-client-react/src/components/Node.js","statementMap":{"0":{"start":{"line":15,"column":13},"end":{"line":60,"column":1}},"1":{"start":{"line":16,"column":18},"end":{"line":16,"column":29}},"2":{"start":{"line":17,"column":2},"end":{"line":59,"column":4}},"3":{"start":{"line":22,"column":22},"end":{"line":22,"column":46}},"4":{"start":{"line":54,"column":14},"end":{"line":54,"column":60}},"5":{"start":{"line":62,"column":18},"end":{"line":111,"column":3}},"6":{"start":{"line":62,"column":41},"end":{"line":111,"column":1}},"7":{"start":{"line":113,"column":0},"end":{"line":122,"column":2}}},"fnMap":{"0":{"name":"(anonymous_0)","decl":{"start":{"line":15,"column":13},"end":{"line":15,"column":14}},"loc":{"start":{"line":15,"column":57},"end":{"line":60,"column":1}},"line":15},"1":{"name":"(anonymous_1)","decl":{"start":{"line":22,"column":16},"end":{"line":22,"column":17}},"loc":{"start":{"line":22,"column":22},"end":{"line":22,"column":46}},"line":22},"2":{"name":"(anonymous_2)","decl":{"start":{"line":53,"column":28},"end":{"line":53,"column":29}},"loc":{"start":{"line":54,"column":14},"end":{"line":54,"column":60}},"line":54},"3":{"name":"(anonymous_3)","decl":{"start":{"line":62,"column":29},"end":{"line":62,"column":30}},"loc":{"start":{"line":62,"column":41},"end":{"line":111,"column":1}},"line":62}},"branchMap":{"0":{"loc":{"start":{"line":36,"column":15},"end":{"line":36,"column":37}},"type":"binary-expr","locations":[{"start":{"line":36,"column":15},"end":{"line":36,"column":24}},{"start":{"line":36,"column":28},"end":{"line":36,"column":37}}],"line":36},"1":{"loc":{"start":{"line":50,"column":11},"end":{"line":50,"column":71}},"type":"binary-expr","locations":[{"start":{"line":50,"column":11},"end":{"line":50,"column":23}},{"start":{"line":50,"column":27},"end":{"line":50,"column":71}}],"line":50},"2":{"loc":{"start":{"line":51,"column":11},"end":{"line":55,"column":14}},"type":"binary-expr","locations":[{"start":{"line":51,"column":11},"end":{"line":51,"column":22}},{"start":{"line":52,"column":12},"end":{"line":52,"column":30}},{"start":{"line":53,"column":12},"end":{"line":55,"column":14}}],"line":51}},"s":{"0":1,"1":2,"2":2,"3":0,"4":0,"5":1,"6":1,"7":1},"f":{"0":2,"1":0,"2":0,"3":1},"b":{"0":[2,0],"1":[2,2],"2":[2,0,0]},"_coverageSchema":"332fd63041d2c1bcb487cc26dd0d5f7d97098a6c","hash":"f06f562ee6926b4aea283cc1b790e627be326628"}
,"/Users/mackdiego/fullStackLabs/toy-blocks-client-react/src/components/Status.js": {"path":"/Users/mackdiego/fullStackLabs/toy-blocks-client-react/src/components/Status.js","statementMap":{"0":{"start":{"line":7,"column":18},"end":{"line":7,"column":48}},"1":{"start":{"line":8,"column":2},"end":{"line":15,"column":4}},"2":{"start":{"line":18,"column":18},"end":{"line":42,"column":3}},"3":{"start":{"line":18,"column":41},"end":{"line":42,"column":1}},"4":{"start":{"line":20,"column":18},"end":{"line":24,"column":21}},"5":{"start":{"line":25,"column":4},"end":{"line":31,"column":6}},"6":{"start":{"line":33,"column":25},"end":{"line":41,"column":3}},"7":{"start":{"line":44,"column":0},"end":{"line":47,"column":2}}},"fnMap":{"0":{"name":"Status","decl":{"start":{"line":6,"column":9},"end":{"line":6,"column":15}},"loc":{"start":{"line":6,"column":37},"end":{"line":16,"column":1}},"line":6},"1":{"name":"(anonymous_1)","decl":{"start":{"line":18,"column":29},"end":{"line":18,"column":30}},"loc":{"start":{"line":18,"column":41},"end":{"line":42,"column":1}},"line":18},"2":{"name":"(anonymous_2)","decl":{"start":{"line":19,"column":7},"end":{"line":19,"column":8}},"loc":{"start":{"line":19,"column":32},"end":{"line":32,"column":3}},"line":19},"3":{"name":"(anonymous_3)","decl":{"start":{"line":33,"column":8},"end":{"line":33,"column":9}},"loc":{"start":{"line":33,"column":25},"end":{"line":41,"column":3}},"line":33}},"branchMap":{"0":{"loc":{"start":{"line":12,"column":9},"end":{"line":12,"column":60}},"type":"cond-expr","locations":[{"start":{"line":12,"column":19},"end":{"line":12,"column":28}},{"start":{"line":12,"column":31},"end":{"line":12,"column":60}}],"line":12},"1":{"loc":{"start":{"line":12,"column":31},"end":{"line":12,"column":60}},"type":"cond-expr","locations":[{"start":{"line":12,"column":40},"end":{"line":12,"column":48}},{"start":{"line":12,"column":51},"end":{"line":12,"column":60}}],"line":12},"2":{"loc":{"start":{"line":20,"column":18},"end":{"line":24,"column":21}},"type":"cond-expr","locations":[{"start":{"line":21,"column":8},"end":{"line":21,"column":22}},{"start":{"line":22,"column":8},"end":{"line":24,"column":21}}],"line":20},"3":{"loc":{"start":{"line":22,"column":8},"end":{"line":24,"column":21}},"type":"cond-expr","locations":[{"start":{"line":23,"column":8},"end":{"line":23,"column":22}},{"start":{"line":24,"column":8},"end":{"line":24,"column":21}}],"line":22},"4":{"loc":{"start":{"line":40,"column":11},"end":{"line":40,"column":46}},"type":"cond-expr","locations":[{"start":{"line":40,"column":20},"end":{"line":40,"column":31}},{"start":{"line":40,"column":34},"end":{"line":40,"column":46}}],"line":40}},"s":{"0":2,"1":2,"2":1,"3":1,"4":2,"5":2,"6":2,"7":1},"f":{"0":2,"1":1,"2":2,"3":2},"b":{"0":[0,2],"1":[0,2],"2":[0,2],"3":[0,2],"4":[0,2]},"_coverageSchema":"332fd63041d2c1bcb487cc26dd0d5f7d97098a6c","hash":"2b270e35ffc622329e496253eaf4e4ad83eaec7e"}
,"/Users/mackdiego/fullStackLabs/toy-blocks-client-react/src/constants/actionTypes.js": {"path":"/Users/mackdiego/fullStackLabs/toy-blocks-client-react/src/constants/actionTypes.js","statementMap":{"0":{"start":{"line":1,"column":22},"end":{"line":1,"column":30}},"1":{"start":{"line":3,"column":39},"end":{"line":3,"column":81}},"2":{"start":{"line":4,"column":41},"end":{"line":4,"column":85}},"3":{"start":{"line":5,"column":41},"end":{"line":5,"column":85}},"4":{"start":{"line":7,"column":24},"end":{"line":7,"column":32}},"5":{"start":{"line":9,"column":31},"end":{"line":9,"column":67}},"6":{"start":{"line":10,"column":33},"end":{"line":10,"column":71}},"7":{"start":{"line":11,"column":33},"end":{"line":11,"column":71}}},"fnMap":{},"branchMap":{},"s":{"0":5,"1":5,"2":5,"3":5,"4":5,"5":5,"6":5,"7":5},"f":{},"b":{},"_coverageSchema":"332fd63041d2c1bcb487cc26dd0d5f7d97098a6c","hash":"b63279c33b5cbe985779297fb899719bd26c3f07"}
,"/Users/mackdiego/fullStackLabs/toy-blocks-client-react/src/constants/colors.js": {"path":"/Users/mackdiego/fullStackLabs/toy-blocks-client-react/src/constants/colors.js","statementMap":{},"fnMap":{},"branchMap":{},"s":{},"f":{},"b":{},"_coverageSchema":"332fd63041d2c1bcb487cc26dd0d5f7d97098a6c","hash":"4a7812b334e8730cb8bcab91d09a7836d3795ec8"}
,"/Users/mackdiego/fullStackLabs/toy-blocks-client-react/src/containers/Nodes.js": {"path":"/Users/mackdiego/fullStackLabs/toy-blocks-client-react/src/containers/Nodes.js","statementMap":{"0":{"start":{"line":12,"column":4},"end":{"line":12,"column":17}},"1":{"start":{"line":13,"column":4},"end":{"line":15,"column":6}},"2":{"start":{"line":16,"column":4},"end":{"line":16,"column":65}},"3":{"start":{"line":20,"column":28},"end":{"line":20,"column":38}},"4":{"start":{"line":21,"column":4},"end":{"line":21,"column":74}},"5":{"start":{"line":21,"column":21},"end":{"line":21,"column":74}},"6":{"start":{"line":25,"column":30},"end":{"line":25,"column":40}},"7":{"start":{"line":26,"column":20},"end":{"line":26,"column":59}},"8":{"start":{"line":28,"column":4},"end":{"line":38,"column":6}},"9":{"start":{"line":33,"column":23},"end":{"line":33,"column":62}},"10":{"start":{"line":34,"column":27},"end":{"line":34,"column":31}},"11":{"start":{"line":35,"column":8},"end":{"line":36,"column":44}},"12":{"start":{"line":36,"column":10},"end":{"line":36,"column":44}},"13":{"start":{"line":42,"column":22},"end":{"line":42,"column":32}},"14":{"start":{"line":43,"column":4},"end":{"line":57,"column":6}},"15":{"start":{"line":49,"column":10},"end":{"line":54,"column":12}},"16":{"start":{"line":61,"column":0},"end":{"line":65,"column":2}},"17":{"start":{"line":68,"column":2},"end":{"line":70,"column":4}},"18":{"start":{"line":74,"column":2},"end":{"line":77,"column":4}}},"fnMap":{"0":{"name":"(anonymous_0)","decl":{"start":{"line":11,"column":2},"end":{"line":11,"column":3}},"loc":{"start":{"line":11,"column":21},"end":{"line":17,"column":3}},"line":11},"1":{"name":"(anonymous_1)","decl":{"start":{"line":19,"column":2},"end":{"line":19,"column":3}},"loc":{"start":{"line":19,"column":22},"end":{"line":22,"column":3}},"line":19},"2":{"name":"(anonymous_2)","decl":{"start":{"line":24,"column":2},"end":{"line":24,"column":3}},"loc":{"start":{"line":24,"column":27},"end":{"line":39,"column":3}},"line":24},"3":{"name":"(anonymous_3)","decl":{"start":{"line":32,"column":6},"end":{"line":32,"column":7}},"loc":{"start":{"line":32,"column":12},"end":{"line":37,"column":7}},"line":32},"4":{"name":"(anonymous_4)","decl":{"start":{"line":41,"column":2},"end":{"line":41,"column":3}},"loc":{"start":{"line":41,"column":11},"end":{"line":58,"column":3}},"line":41},"5":{"name":"(anonymous_5)","decl":{"start":{"line":48,"column":24},"end":{"line":48,"column":25}},"loc":{"start":{"line":49,"column":10},"end":{"line":54,"column":12}},"line":49},"6":{"name":"mapStateToProps","decl":{"start":{"line":67,"column":9},"end":{"line":67,"column":24}},"loc":{"start":{"line":67,"column":32},"end":{"line":71,"column":1}},"line":67},"7":{"name":"mapDispatchToProps","decl":{"start":{"line":73,"column":9},"end":{"line":73,"column":27}},"loc":{"start":{"line":73,"column":38},"end":{"line":78,"column":1}},"line":73}},"branchMap":{"0":{"loc":{"start":{"line":21,"column":4},"end":{"line":21,"column":74}},"type":"if","locations":[{"start":{"line":21,"column":4},"end":{"line":21,"column":74}},{"start":{"line":21,"column":4},"end":{"line":21,"column":74}}],"line":21},"1":{"loc":{"start":{"line":30,"column":25},"end":{"line":30,"column":50}},"type":"cond-expr","locations":[{"start":{"line":30,"column":35},"end":{"line":30,"column":39}},{"start":{"line":30,"column":42},"end":{"line":30,"column":50}}],"line":30},"2":{"loc":{"start":{"line":35,"column":8},"end":{"line":36,"column":44}},"type":"if","locations":[{"start":{"line":35,"column":8},"end":{"line":36,"column":44}},{"start":{"line":35,"column":8},"end":{"line":36,"column":44}}],"line":35},"3":{"loc":{"start":{"line":35,"column":12},"end":{"line":35,"column":53}},"type":"binary-expr","locations":[{"start":{"line":35,"column":12},"end":{"line":35,"column":18}},{"start":{"line":35,"column":23},"end":{"line":35,"column":30}},{"start":{"line":35,"column":34},"end":{"line":35,"column":52}}],"line":35},"4":{"loc":{"start":{"line":52,"column":22},"end":{"line":52,"column":78}},"type":"binary-expr","locations":[{"start":{"line":52,"column":22},"end":{"line":52,"column":61}},{"start":{"line":52,"column":65},"end":{"line":52,"column":78}}],"line":52}},"s":{"0":2,"1":2,"2":2,"3":2,"4":2,"5":1,"6":0,"7":0,"8":0,"9":0,"10":0,"11":0,"12":0,"13":2,"14":2,"15":4,"16":1,"17":1,"18":1},"f":{"0":2,"1":2,"2":0,"3":0,"4":2,"5":4,"6":1,"7":1},"b":{"0":[1,1],"1":[0,0],"2":[0,0],"3":[0,0,0],"4":[4,0]},"_coverageSchema":"332fd63041d2c1bcb487cc26dd0d5f7d97098a6c","hash":"86093e77cf3d82679edcbfefa10a67cbf02aa5c4"}
,"/Users/mackdiego/fullStackLabs/toy-blocks-client-react/src/state/initialState.js": {"path":"/Users/mackdiego/fullStackLabs/toy-blocks-client-react/src/state/initialState.js","statementMap":{},"fnMap":{},"branchMap":{},"s":{},"f":{},"b":{},"_coverageSchema":"332fd63041d2c1bcb487cc26dd0d5f7d97098a6c","hash":"1cd163d5e0b5d9ab3bd4002a8128b0a9f266784e"}
,"/Users/mackdiego/fullStackLabs/toy-blocks-client-react/src/state/rootEpics.js": {"path":"/Users/mackdiego/fullStackLabs/toy-blocks-client-react/src/state/rootEpics.js","statementMap":{"0":{"start":{"line":4,"column":24},"end":{"line":4,"column":44}}},"fnMap":{},"branchMap":{},"s":{"0":1},"f":{},"b":{},"_coverageSchema":"332fd63041d2c1bcb487cc26dd0d5f7d97098a6c","hash":"904a2bc97d27e79a46272559407e66920ad64ea0"}
,"/Users/mackdiego/fullStackLabs/toy-blocks-client-react/src/state/rootReducer.js": {"path":"/Users/mackdiego/fullStackLabs/toy-blocks-client-react/src/state/rootReducer.js","statementMap":{"0":{"start":{"line":4,"column":20},"end":{"line":6,"column":2}}},"fnMap":{},"branchMap":{},"s":{"0":1},"f":{},"b":{},"_coverageSchema":"332fd63041d2c1bcb487cc26dd0d5f7d97098a6c","hash":"31cc2ad2e75b8e17f0c0117a39a3327c7d666255"}
,"/Users/mackdiego/fullStackLabs/toy-blocks-client-react/src/state/modules/blocks/blocks.api.js": {"path":"/Users/mackdiego/fullStackLabs/toy-blocks-client-react/src/state/modules/blocks/blocks.api.js","statementMap":{"0":{"start":{"line":5,"column":14},"end":{"line":7,"column":24}},"1":{"start":{"line":6,"column":19},"end":{"line":6,"column":29}},"2":{"start":{"line":7,"column":20},"end":{"line":7,"column":23}},"3":{"start":{"line":8,"column":2},"end":{"line":8,"column":19}}},"fnMap":{"0":{"name":"(anonymous_0)","decl":{"start":{"line":4,"column":15},"end":{"line":4,"column":16}},"loc":{"start":{"line":4,"column":25},"end":{"line":9,"column":1}},"line":4},"1":{"name":"(anonymous_1)","decl":{"start":{"line":6,"column":10},"end":{"line":6,"column":11}},"loc":{"start":{"line":6,"column":19},"end":{"line":6,"column":29}},"line":6},"2":{"name":"(anonymous_2)","decl":{"start":{"line":7,"column":11},"end":{"line":7,"column":12}},"loc":{"start":{"line":7,"column":20},"end":{"line":7,"column":23}},"line":7}},"branchMap":{},"s":{"0":0,"1":0,"2":0,"3":0},"f":{"0":0,"1":0,"2":0},"b":{},"_coverageSchema":"332fd63041d2c1bcb487cc26dd0d5f7d97098a6c","hash":"27345fecf941203d500ed7019ae1098ead8c001a"}
,"/Users/mackdiego/fullStackLabs/toy-blocks-client-react/src/state/modules/blocks/actions/blocks.creators.js": {"path":"/Users/mackdiego/fullStackLabs/toy-blocks-client-react/src/state/modules/blocks/actions/blocks.creators.js","statementMap":{"0":{"start":{"line":8,"column":29},"end":{"line":10,"column":3}},"1":{"start":{"line":8,"column":70},"end":{"line":10,"column":1}},"2":{"start":{"line":12,"column":31},"end":{"line":14,"column":2}},"3":{"start":{"line":13,"column":2},"end":{"line":13,"column":18}},"4":{"start":{"line":16,"column":31},"end":{"line":18,"column":3}},"5":{"start":{"line":16,"column":75},"end":{"line":18,"column":1}},"6":{"start":{"line":20,"column":30},"end":{"line":20,"column":59}}},"fnMap":{"0":{"name":"(anonymous_0)","decl":{"start":{"line":8,"column":59},"end":{"line":8,"column":60}},"loc":{"start":{"line":8,"column":70},"end":{"line":10,"column":1}},"line":8},"1":{"name":"(anonymous_1)","decl":{"start":{"line":12,"column":63},"end":{"line":12,"column":64}},"loc":{"start":{"line":12,"column":77},"end":{"line":14,"column":1}},"line":12},"2":{"name":"(anonymous_2)","decl":{"start":{"line":16,"column":63},"end":{"line":16,"column":64}},"loc":{"start":{"line":16,"column":75},"end":{"line":18,"column":1}},"line":16}},"branchMap":{},"s":{"0":3,"1":1,"2":3,"3":0,"4":3,"5":1,"6":3},"f":{"0":1,"1":0,"2":1},"b":{},"_coverageSchema":"332fd63041d2c1bcb487cc26dd0d5f7d97098a6c","hash":"3327156770e8e512890bb3625c865a8f2e5e71fd"}
,"/Users/mackdiego/fullStackLabs/toy-blocks-client-react/src/state/modules/blocks/epics/blocks.epic.js": {"path":"/Users/mackdiego/fullStackLabs/toy-blocks-client-react/src/state/modules/blocks/epics/blocks.epic.js","statementMap":{"0":{"start":{"line":14,"column":2},"end":{"line":50,"column":4}},"1":{"start":{"line":17,"column":6},"end":{"line":48,"column":7}},"2":{"start":{"line":19,"column":10},"end":{"line":22,"column":13}},"3":{"start":{"line":25,"column":10},"end":{"line":37,"column":12}},"4":{"start":{"line":30,"column":33},"end":{"line":33,"column":17}},"5":{"start":{"line":34,"column":16},"end":{"line":34,"column":32}},"6":{"start":{"line":40,"column":10},"end":{"line":45,"column":11}}},"fnMap":{"0":{"name":"blocksEpic","decl":{"start":{"line":13,"column":9},"end":{"line":13,"column":19}},"loc":{"start":{"line":13,"column":29},"end":{"line":51,"column":1}},"line":13},"1":{"name":"(anonymous_1)","decl":{"start":{"line":16,"column":14},"end":{"line":16,"column":15}},"loc":{"start":{"line":17,"column":6},"end":{"line":48,"column":7}},"line":17},"2":{"name":"(anonymous_2)","decl":{"start":{"line":18,"column":12},"end":{"line":18,"column":13}},"loc":{"start":{"line":18,"column":26},"end":{"line":23,"column":9}},"line":18},"3":{"name":"(anonymous_3)","decl":{"start":{"line":24,"column":12},"end":{"line":24,"column":13}},"loc":{"start":{"line":24,"column":21},"end":{"line":38,"column":9}},"line":24},"4":{"name":"(anonymous_4)","decl":{"start":{"line":29,"column":41},"end":{"line":29,"column":42}},"loc":{"start":{"line":29,"column":52},"end":{"line":35,"column":15}},"line":29},"5":{"name":"(anonymous_5)","decl":{"start":{"line":39,"column":19},"end":{"line":39,"column":20}},"loc":{"start":{"line":40,"column":10},"end":{"line":45,"column":11}},"line":40}},"branchMap":{},"s":{"0":1,"1":0,"2":0,"3":0,"4":0,"5":0,"6":0},"f":{"0":1,"1":0,"2":0,"3":0,"4":0,"5":0},"b":{},"_coverageSchema":"332fd63041d2c1bcb487cc26dd0d5f7d97098a6c","hash":"51cd362008ab5cc36deeefbdf393dc3f86726f6d"}
,"/Users/mackdiego/fullStackLabs/toy-blocks-client-react/src/state/modules/nodes/actions/nodes.js": {"path":"/Users/mackdiego/fullStackLabs/toy-blocks-client-react/src/state/modules/nodes/actions/nodes.js","statementMap":{"0":{"start":{"line":4,"column":29},"end":{"line":9,"column":1}},"1":{"start":{"line":5,"column":2},"end":{"line":8,"column":4}},"2":{"start":{"line":11,"column":31},"end":{"line":17,"column":1}},"3":{"start":{"line":12,"column":2},"end":{"line":16,"column":4}},"4":{"start":{"line":19,"column":31},"end":{"line":24,"column":1}},"5":{"start":{"line":20,"column":2},"end":{"line":23,"column":4}},"6":{"start":{"line":27,"column":2},"end":{"line":42,"column":4}},"7":{"start":{"line":28,"column":4},"end":{"line":41,"column":5}},"8":{"start":{"line":29,"column":6},"end":{"line":29,"column":43}},"9":{"start":{"line":30,"column":18},"end":{"line":30,"column":58}},"10":{"start":{"line":32,"column":6},"end":{"line":34,"column":7}},"11":{"start":{"line":33,"column":8},"end":{"line":33,"column":47}},"12":{"start":{"line":36,"column":19},"end":{"line":36,"column":35}},"13":{"start":{"line":38,"column":6},"end":{"line":38,"column":51}},"14":{"start":{"line":40,"column":6},"end":{"line":40,"column":45}},"15":{"start":{"line":46,"column":2},"end":{"line":50,"column":4}},"16":{"start":{"line":47,"column":4},"end":{"line":49,"column":7}},"17":{"start":{"line":48,"column":6},"end":{"line":48,"column":38}}},"fnMap":{"0":{"name":"(anonymous_0)","decl":{"start":{"line":4,"column":29},"end":{"line":4,"column":30}},"loc":{"start":{"line":4,"column":39},"end":{"line":9,"column":1}},"line":4},"1":{"name":"(anonymous_1)","decl":{"start":{"line":11,"column":31},"end":{"line":11,"column":32}},"loc":{"start":{"line":11,"column":46},"end":{"line":17,"column":1}},"line":11},"2":{"name":"(anonymous_2)","decl":{"start":{"line":19,"column":31},"end":{"line":19,"column":32}},"loc":{"start":{"line":19,"column":41},"end":{"line":24,"column":1}},"line":19},"3":{"name":"checkNodeStatus","decl":{"start":{"line":26,"column":16},"end":{"line":26,"column":31}},"loc":{"start":{"line":26,"column":38},"end":{"line":43,"column":1}},"line":26},"4":{"name":"(anonymous_4)","decl":{"start":{"line":27,"column":9},"end":{"line":27,"column":10}},"loc":{"start":{"line":27,"column":29},"end":{"line":42,"column":3}},"line":27},"5":{"name":"checkNodeStatuses","decl":{"start":{"line":45,"column":16},"end":{"line":45,"column":33}},"loc":{"start":{"line":45,"column":40},"end":{"line":51,"column":1}},"line":45},"6":{"name":"(anonymous_6)","decl":{"start":{"line":46,"column":9},"end":{"line":46,"column":10}},"loc":{"start":{"line":46,"column":23},"end":{"line":50,"column":3}},"line":46},"7":{"name":"(anonymous_7)","decl":{"start":{"line":47,"column":17},"end":{"line":47,"column":18}},"loc":{"start":{"line":47,"column":27},"end":{"line":49,"column":5}},"line":47}},"branchMap":{"0":{"loc":{"start":{"line":32,"column":6},"end":{"line":34,"column":7}},"type":"if","locations":[{"start":{"line":32,"column":6},"end":{"line":34,"column":7}},{"start":{"line":32,"column":6},"end":{"line":34,"column":7}}],"line":32}},"s":{"0":2,"1":3,"2":2,"3":2,"4":2,"5":0,"6":4,"7":3,"8":3,"9":3,"10":2,"11":0,"12":2,"13":2,"14":0,"15":1,"16":1,"17":2},"f":{"0":3,"1":2,"2":0,"3":4,"4":3,"5":1,"6":1,"7":2},"b":{"0":[0,2]},"_coverageSchema":"332fd63041d2c1bcb487cc26dd0d5f7d97098a6c","hash":"4686031445c5cc53f444893c3e87098d84bc640e"}
,"/Users/mackdiego/fullStackLabs/toy-blocks-client-react/src/state/modules/nodes/reducers/nodes.reducer.js": {"path":"/Users/mackdiego/fullStackLabs/toy-blocks-client-react/src/state/modules/nodes/reducers/nodes.reducer.js","statementMap":{"0":{"start":{"line":12,"column":23},"end":{"line":33,"column":1}},"1":{"start":{"line":13,"column":2},"end":{"line":30,"column":3}},"2":{"start":{"line":16,"column":8},"end":{"line":16,"column":14}},"3":{"start":{"line":17,"column":21},"end":{"line":28,"column":10}},"4":{"start":{"line":18,"column":6},"end":{"line":25,"column":7}},"5":{"start":{"line":19,"column":24},"end":{"line":22,"column":9}},"6":{"start":{"line":23,"column":8},"end":{"line":23,"column":26}},"7":{"start":{"line":24,"column":8},"end":{"line":24,"column":19}},"8":{"start":{"line":26,"column":6},"end":{"line":26,"column":20}},"9":{"start":{"line":27,"column":6},"end":{"line":27,"column":17}},"10":{"start":{"line":29,"column":4},"end":{"line":29,"column":20}},"11":{"start":{"line":32,"column":2},"end":{"line":32,"column":15}},"12":{"start":{"line":35,"column":29},"end":{"line":54,"column":1}},"13":{"start":{"line":38,"column":6},"end":{"line":38,"column":12}},"14":{"start":{"line":39,"column":19},"end":{"line":51,"column":8}},"15":{"start":{"line":40,"column":4},"end":{"line":48,"column":5}},"16":{"start":{"line":41,"column":22},"end":{"line":45,"column":7}},"17":{"start":{"line":46,"column":6},"end":{"line":46,"column":24}},"18":{"start":{"line":47,"column":6},"end":{"line":47,"column":17}},"19":{"start":{"line":49,"column":4},"end":{"line":49,"column":18}},"20":{"start":{"line":50,"column":4},"end":{"line":50,"column":15}},"21":{"start":{"line":53,"column":2},"end":{"line":53,"column":18}},"22":{"start":{"line":61,"column":2},"end":{"line":136,"column":3}},"23":{"start":{"line":63,"column":6},"end":{"line":63,"column":48}},"24":{"start":{"line":64,"column":6},"end":{"line":67,"column":8}},"25":{"start":{"line":69,"column":6},"end":{"line":69,"column":54}},"26":{"start":{"line":70,"column":6},"end":{"line":73,"column":8}},"27":{"start":{"line":75,"column":6},"end":{"line":75,"column":48}},"28":{"start":{"line":76,"column":6},"end":{"line":79,"column":8}},"29":{"start":{"line":81,"column":6},"end":{"line":81,"column":24}},"30":{"start":{"line":82,"column":6},"end":{"line":82,"column":73}},"31":{"start":{"line":82,"column":46},"end":{"line":82,"column":71}},"32":{"start":{"line":83,"column":6},"end":{"line":92,"column":7}},"33":{"start":{"line":84,"column":8},"end":{"line":91,"column":10}},"34":{"start":{"line":93,"column":6},"end":{"line":96,"column":8}},"35":{"start":{"line":98,"column":6},"end":{"line":98,"column":24}},"36":{"start":{"line":99,"column":6},"end":{"line":99,"column":73}},"37":{"start":{"line":99,"column":46},"end":{"line":99,"column":71}},"38":{"start":{"line":100,"column":6},"end":{"line":111,"column":7}},"39":{"start":{"line":101,"column":8},"end":{"line":110,"column":10}},"40":{"start":{"line":112,"column":6},"end":{"line":115,"column":8}},"41":{"start":{"line":117,"column":6},"end":{"line":117,"column":24}},"42":{"start":{"line":118,"column":6},"end":{"line":118,"column":73}},"43":{"start":{"line":118,"column":46},"end":{"line":118,"column":71}},"44":{"start":{"line":119,"column":6},"end":{"line":129,"column":7}},"45":{"start":{"line":120,"column":8},"end":{"line":128,"column":10}},"46":{"start":{"line":130,"column":6},"end":{"line":133,"column":8}},"47":{"start":{"line":135,"column":6},"end":{"line":135,"column":19}}},"fnMap":{"0":{"name":"(anonymous_0)","decl":{"start":{"line":12,"column":23},"end":{"line":12,"column":24}},"loc":{"start":{"line":12,"column":42},"end":{"line":33,"column":1}},"line":12},"1":{"name":"(anonymous_1)","decl":{"start":{"line":17,"column":34},"end":{"line":17,"column":35}},"loc":{"start":{"line":17,"column":48},"end":{"line":28,"column":5}},"line":17},"2":{"name":"(anonymous_2)","decl":{"start":{"line":35,"column":29},"end":{"line":35,"column":30}},"loc":{"start":{"line":35,"column":48},"end":{"line":54,"column":1}},"line":35},"3":{"name":"(anonymous_3)","decl":{"start":{"line":39,"column":32},"end":{"line":39,"column":33}},"loc":{"start":{"line":39,"column":46},"end":{"line":51,"column":3}},"line":39},"4":{"name":"nodesReducer","decl":{"start":{"line":56,"column":24},"end":{"line":56,"column":36}},"loc":{"start":{"line":59,"column":2},"end":{"line":137,"column":1}},"line":59},"5":{"name":"(anonymous_5)","decl":{"start":{"line":82,"column":39},"end":{"line":82,"column":40}},"loc":{"start":{"line":82,"column":46},"end":{"line":82,"column":71}},"line":82},"6":{"name":"(anonymous_6)","decl":{"start":{"line":99,"column":39},"end":{"line":99,"column":40}},"loc":{"start":{"line":99,"column":46},"end":{"line":99,"column":71}},"line":99},"7":{"name":"(anonymous_7)","decl":{"start":{"line":118,"column":39},"end":{"line":118,"column":40}},"loc":{"start":{"line":118,"column":46},"end":{"line":118,"column":71}},"line":118}},"branchMap":{"0":{"loc":{"start":{"line":13,"column":2},"end":{"line":30,"column":3}},"type":"if","locations":[{"start":{"line":13,"column":2},"end":{"line":30,"column":3}},{"start":{"line":13,"column":2},"end":{"line":30,"column":3}}],"line":13},"1":{"loc":{"start":{"line":13,"column":6},"end":{"line":13,"column":43}},"type":"binary-expr","locations":[{"start":{"line":13,"column":6},"end":{"line":13,"column":20}},{"start":{"line":13,"column":24},"end":{"line":13,"column":43}}],"line":13},"2":{"loc":{"start":{"line":18,"column":6},"end":{"line":25,"column":7}},"type":"if","locations":[{"start":{"line":18,"column":6},"end":{"line":25,"column":7}},{"start":{"line":18,"column":6},"end":{"line":25,"column":7}}],"line":18},"3":{"loc":{"start":{"line":40,"column":4},"end":{"line":48,"column":5}},"type":"if","locations":[{"start":{"line":40,"column":4},"end":{"line":48,"column":5}},{"start":{"line":40,"column":4},"end":{"line":48,"column":5}}],"line":40},"4":{"loc":{"start":{"line":57,"column":2},"end":{"line":57,"column":35}},"type":"default-arg","locations":[{"start":{"line":57,"column":10},"end":{"line":57,"column":35}}],"line":57},"5":{"loc":{"start":{"line":61,"column":2},"end":{"line":136,"column":3}},"type":"switch","locations":[{"start":{"line":62,"column":4},"end":{"line":67,"column":8}},{"start":{"line":68,"column":4},"end":{"line":73,"column":8}},{"start":{"line":74,"column":4},"end":{"line":79,"column":8}},{"start":{"line":80,"column":4},"end":{"line":96,"column":8}},{"start":{"line":97,"column":4},"end":{"line":115,"column":8}},{"start":{"line":116,"column":4},"end":{"line":133,"column":8}},{"start":{"line":134,"column":4},"end":{"line":135,"column":19}}],"line":61},"6":{"loc":{"start":{"line":83,"column":6},"end":{"line":92,"column":7}},"type":"if","locations":[{"start":{"line":83,"column":6},"end":{"line":92,"column":7}},{"start":{"line":83,"column":6},"end":{"line":92,"column":7}}],"line":83},"7":{"loc":{"start":{"line":100,"column":6},"end":{"line":111,"column":7}},"type":"if","locations":[{"start":{"line":100,"column":6},"end":{"line":111,"column":7}},{"start":{"line":100,"column":6},"end":{"line":111,"column":7}}],"line":100},"8":{"loc":{"start":{"line":119,"column":6},"end":{"line":129,"column":7}},"type":"if","locations":[{"start":{"line":119,"column":6},"end":{"line":129,"column":7}},{"start":{"line":119,"column":6},"end":{"line":129,"column":7}}],"line":119}},"s":{"0":2,"1":2,"2":2,"3":2,"4":4,"5":2,"6":2,"7":2,"8":2,"9":2,"10":2,"11":0,"12":2,"13":1,"14":1,"15":2,"16":1,"17":1,"18":1,"19":1,"20":1,"21":1,"22":18,"23":1,"24":1,"25":1,"26":1,"27":1,"28":1,"29":1,"30":1,"31":1,"32":1,"33":1,"34":1,"35":9,"36":9,"37":13,"38":9,"39":9,"40":9,"41":1,"42":1,"43":1,"44":1,"45":1,"46":1,"47":4},"f":{"0":2,"1":4,"2":1,"3":2,"4":18,"5":1,"6":13,"7":1},"b":{"0":[2,0],"1":[2,2],"2":[2,2],"3":[1,1],"4":[3],"5":[1,1,1,1,9,1,4],"6":[1,0],"7":[9,0],"8":[1,0]},"_coverageSchema":"332fd63041d2c1bcb487cc26dd0d5f7d97098a6c","hash":"efb21aa58b9b90ea3160f33ff4ab9226d4fff28c"}
,"/Users/mackdiego/fullStackLabs/toy-blocks-client-react/src/store/configureStore.js": {"path":"/Users/mackdiego/fullStackLabs/toy-blocks-client-react/src/store/configureStore.js","statementMap":{"0":{"start":{"line":10,"column":23},"end":{"line":10,"column":38}},"1":{"start":{"line":12,"column":23},"end":{"line":14,"column":2}},"2":{"start":{"line":17,"column":22},"end":{"line":23,"column":3}},"3":{"start":{"line":25,"column":2},"end":{"line":29,"column":4}},"4":{"start":{"line":33,"column":22},"end":{"line":42,"column":3}},"5":{"start":{"line":45,"column":4},"end":{"line":45,"column":58}},"6":{"start":{"line":46,"column":16},"end":{"line":50,"column":3}},"7":{"start":{"line":52,"column":2},"end":{"line":58,"column":3}},"8":{"start":{"line":54,"column":4},"end":{"line":57,"column":7}},"9":{"start":{"line":55,"column":26},"end":{"line":55,"column":65}},"10":{"start":{"line":56,"column":6},"end":{"line":56,"column":40}},"11":{"start":{"line":59,"column":2},"end":{"line":59,"column":31}},"12":{"start":{"line":60,"column":2},"end":{"line":60,"column":15}},"13":{"start":{"line":64,"column":2},"end":{"line":66,"column":23}}},"fnMap":{"0":{"name":"configureStoreProd","decl":{"start":{"line":16,"column":9},"end":{"line":16,"column":27}},"loc":{"start":{"line":16,"column":42},"end":{"line":30,"column":1}},"line":16},"1":{"name":"configureStoreDev","decl":{"start":{"line":32,"column":9},"end":{"line":32,"column":26}},"loc":{"start":{"line":32,"column":41},"end":{"line":61,"column":1}},"line":32},"2":{"name":"(anonymous_2)","decl":{"start":{"line":54,"column":49},"end":{"line":54,"column":50}},"loc":{"start":{"line":54,"column":55},"end":{"line":57,"column":5}},"line":54}},"branchMap":{"0":{"loc":{"start":{"line":45,"column":4},"end":{"line":45,"column":58}},"type":"binary-expr","locations":[{"start":{"line":45,"column":4},"end":{"line":45,"column":47}},{"start":{"line":45,"column":51},"end":{"line":45,"column":58}}],"line":45},"1":{"loc":{"start":{"line":52,"column":2},"end":{"line":58,"column":3}},"type":"if","locations":[{"start":{"line":52,"column":2},"end":{"line":58,"column":3}},{"start":{"line":52,"column":2},"end":{"line":58,"column":3}}],"line":52},"2":{"loc":{"start":{"line":64,"column":2},"end":{"line":66,"column":23}},"type":"cond-expr","locations":[{"start":{"line":65,"column":6},"end":{"line":65,"column":24}},{"start":{"line":66,"column":6},"end":{"line":66,"column":23}}],"line":64}},"s":{"0":1,"1":1,"2":0,"3":0,"4":1,"5":1,"6":1,"7":1,"8":0,"9":0,"10":0,"11":1,"12":1,"13":1},"f":{"0":0,"1":1,"2":0},"b":{"0":[1,1],"1":[0,1],"2":[0,1]},"_coverageSchema":"332fd63041d2c1bcb487cc26dd0d5f7d97098a6c","hash":"40216fa1f2a2833c2defc0dc6116146ab66b8035"}
,"/Users/mackdiego/fullStackLabs/toy-blocks-client-react/src/utils/dates.js": {"path":"/Users/mackdiego/fullStackLabs/toy-blocks-client-react/src/utils/dates.js","statementMap":{"0":{"start":{"line":2,"column":2},"end":{"line":2,"column":145}},"1":{"start":{"line":6,"column":2},"end":{"line":6,"column":41}}},"fnMap":{"0":{"name":"getFormattedDateTime","decl":{"start":{"line":1,"column":16},"end":{"line":1,"column":36}},"loc":{"start":{"line":1,"column":56},"end":{"line":3,"column":1}},"line":1},"1":{"name":"padLeadingZero","decl":{"start":{"line":5,"column":16},"end":{"line":5,"column":30}},"loc":{"start":{"line":5,"column":38},"end":{"line":7,"column":1}},"line":5}},"branchMap":{"0":{"loc":{"start":{"line":1,"column":37},"end":{"line":1,"column":54}},"type":"default-arg","locations":[{"start":{"line":1,"column":44},"end":{"line":1,"column":54}}],"line":1},"1":{"loc":{"start":{"line":6,"column":9},"end":{"line":6,"column":40}},"type":"cond-expr","locations":[{"start":{"line":6,"column":21},"end":{"line":6,"column":26}},{"start":{"line":6,"column":29},"end":{"line":6,"column":40}}],"line":6}},"s":{"0":2,"1":4},"f":{"0":2,"1":4},"b":{"0":[0],"1":[2,2]},"_coverageSchema":"332fd63041d2c1bcb487cc26dd0d5f7d97098a6c","hash":"44b81a0b5328c40fa8854ae8977a90c538b44b23"}
,"/Users/mackdiego/fullStackLabs/toy-blocks-client-react/src/utils/fuelSavings.js": {"path":"/Users/mackdiego/fullStackLabs/toy-blocks-client-react/src/utils/fuelSavings.js","statementMap":{"0":{"start":{"line":6,"column":30},"end":{"line":6,"column":55}},"1":{"start":{"line":7,"column":2},"end":{"line":7,"column":35}},"2":{"start":{"line":12,"column":24},"end":{"line":12,"column":26}},"3":{"start":{"line":13,"column":23},"end":{"line":13,"column":25}},"4":{"start":{"line":15,"column":2},"end":{"line":24,"column":3}},"5":{"start":{"line":17,"column":6},"end":{"line":17,"column":58}},"6":{"start":{"line":19,"column":6},"end":{"line":19,"column":25}},"7":{"start":{"line":21,"column":6},"end":{"line":21,"column":41}},"8":{"start":{"line":23,"column":6},"end":{"line":23,"column":86}},"9":{"start":{"line":28,"column":2},"end":{"line":30,"column":3}},"10":{"start":{"line":29,"column":4},"end":{"line":29,"column":13}},"11":{"start":{"line":32,"column":30},"end":{"line":32,"column":111}},"12":{"start":{"line":33,"column":32},"end":{"line":33,"column":111}},"13":{"start":{"line":34,"column":30},"end":{"line":34,"column":105}},"14":{"start":{"line":35,"column":26},"end":{"line":35,"column":69}},"15":{"start":{"line":37,"column":2},"end":{"line":37,"column":41}},"16":{"start":{"line":41,"column":2},"end":{"line":45,"column":32}},"17":{"start":{"line":49,"column":25},"end":{"line":49,"column":59}},"18":{"start":{"line":51,"column":2},"end":{"line":55,"column":4}}},"fnMap":{"0":{"name":"calculateMonthlyCost","decl":{"start":{"line":5,"column":9},"end":{"line":5,"column":29}},"loc":{"start":{"line":5,"column":61},"end":{"line":8,"column":1}},"line":5},"1":{"name":"calculateMilesDrivenPerMonth","decl":{"start":{"line":11,"column":16},"end":{"line":11,"column":44}},"loc":{"start":{"line":11,"column":80},"end":{"line":25,"column":1}},"line":11},"2":{"name":"calculateSavingsPerMonth","decl":{"start":{"line":27,"column":16},"end":{"line":27,"column":40}},"loc":{"start":{"line":27,"column":51},"end":{"line":38,"column":1}},"line":27},"3":{"name":"necessaryDataIsProvidedToCalculateSavings","decl":{"start":{"line":40,"column":16},"end":{"line":40,"column":57}},"loc":{"start":{"line":40,"column":68},"end":{"line":46,"column":1}},"line":40},"4":{"name":"calculateSavings","decl":{"start":{"line":48,"column":16},"end":{"line":48,"column":32}},"loc":{"start":{"line":48,"column":43},"end":{"line":56,"column":1}},"line":48}},"branchMap":{"0":{"loc":{"start":{"line":15,"column":2},"end":{"line":24,"column":3}},"type":"switch","locations":[{"start":{"line":16,"column":4},"end":{"line":17,"column":58}},{"start":{"line":18,"column":4},"end":{"line":19,"column":25}},{"start":{"line":20,"column":4},"end":{"line":21,"column":41}},{"start":{"line":22,"column":4},"end":{"line":23,"column":86}}],"line":15},"1":{"loc":{"start":{"line":28,"column":2},"end":{"line":30,"column":3}},"type":"if","locations":[{"start":{"line":28,"column":2},"end":{"line":30,"column":3}},{"start":{"line":28,"column":2},"end":{"line":30,"column":3}}],"line":28},"2":{"loc":{"start":{"line":41,"column":9},"end":{"line":45,"column":31}},"type":"binary-expr","locations":[{"start":{"line":41,"column":9},"end":{"line":41,"column":28}},{"start":{"line":42,"column":7},"end":{"line":42,"column":28}},{"start":{"line":43,"column":7},"end":{"line":43,"column":26}},{"start":{"line":44,"column":7},"end":{"line":44,"column":28}},{"start":{"line":45,"column":7},"end":{"line":45,"column":31}}],"line":41}},"s":{"0":6,"1":6,"2":7,"3":7,"4":7,"5":2,"6":2,"7":2,"8":1,"9":4,"10":1,"11":3,"12":3,"13":3,"14":3,"15":3,"16":2,"17":0,"18":0},"f":{"0":6,"1":7,"2":4,"3":2,"4":0},"b":{"0":[2,2,2,1],"1":[1,3],"2":[2,2,1,1,1]},"_coverageSchema":"332fd63041d2c1bcb487cc26dd0d5f7d97098a6c","hash":"1032fdae9f3b08964f3f2de5415ee2f45c576408"}
,"/Users/mackdiego/fullStackLabs/toy-blocks-client-react/src/utils/math.js": {"path":"/Users/mackdiego/fullStackLabs/toy-blocks-client-react/src/utils/math.js","statementMap":{"0":{"start":{"line":2,"column":2},"end":{"line":4,"column":3}},"1":{"start":{"line":3,"column":4},"end":{"line":3,"column":13}},"2":{"start":{"line":6,"column":2},"end":{"line":8,"column":3}},"3":{"start":{"line":7,"column":4},"end":{"line":7,"column":14}},"4":{"start":{"line":10,"column":25},"end":{"line":10,"column":83}},"5":{"start":{"line":11,"column":2},"end":{"line":11,"column":112}},"6":{"start":{"line":16,"column":16},"end":{"line":18,"column":7}},"7":{"start":{"line":17,"column":4},"end":{"line":17,"column":72}},"8":{"start":{"line":20,"column":2},"end":{"line":20,"column":21}},"9":{"start":{"line":24,"column":2},"end":{"line":26,"column":3}},"10":{"start":{"line":25,"column":4},"end":{"line":25,"column":13}},"11":{"start":{"line":28,"column":20},"end":{"line":28,"column":37}},"12":{"start":{"line":29,"column":2},"end":{"line":29,"column":44}},"13":{"start":{"line":30,"column":38},"end":{"line":30,"column":80}},"14":{"start":{"line":31,"column":2},"end":{"line":31,"column":128}}},"fnMap":{"0":{"name":"roundNumber","decl":{"start":{"line":1,"column":16},"end":{"line":1,"column":27}},"loc":{"start":{"line":1,"column":66},"end":{"line":12,"column":1}},"line":1},"1":{"name":"addArray","decl":{"start":{"line":15,"column":16},"end":{"line":15,"column":24}},"loc":{"start":{"line":15,"column":33},"end":{"line":21,"column":1}},"line":15},"2":{"name":"(anonymous_2)","decl":{"start":{"line":16,"column":30},"end":{"line":16,"column":31}},"loc":{"start":{"line":16,"column":63},"end":{"line":18,"column":3}},"line":16},"3":{"name":"convertToPennies","decl":{"start":{"line":23,"column":16},"end":{"line":23,"column":32}},"loc":{"start":{"line":23,"column":40},"end":{"line":32,"column":1}},"line":23}},"branchMap":{"0":{"loc":{"start":{"line":2,"column":2},"end":{"line":4,"column":3}},"type":"if","locations":[{"start":{"line":2,"column":2},"end":{"line":4,"column":3}},{"start":{"line":2,"column":2},"end":{"line":4,"column":3}}],"line":2},"1":{"loc":{"start":{"line":6,"column":2},"end":{"line":8,"column":3}},"type":"if","locations":[{"start":{"line":6,"column":2},"end":{"line":8,"column":3}},{"start":{"line":6,"column":2},"end":{"line":8,"column":3}}],"line":6},"2":{"loc":{"start":{"line":24,"column":2},"end":{"line":26,"column":3}},"type":"if","locations":[{"start":{"line":24,"column":2},"end":{"line":26,"column":3}},{"start":{"line":24,"column":2},"end":{"line":26,"column":3}}],"line":24},"3":{"loc":{"start":{"line":31,"column":9},"end":{"line":31,"column":127}},"type":"cond-expr","locations":[{"start":{"line":31,"column":40},"end":{"line":31,"column":93}},{"start":{"line":31,"column":96},"end":{"line":31,"column":127}}],"line":31}},"s":{"0":16,"1":1,"2":15,"3":1,"4":14,"5":14,"6":3,"7":5,"8":3,"9":9,"10":1,"11":8,"12":8,"13":8,"14":8},"f":{"0":16,"1":3,"2":5,"3":9},"b":{"0":[1,15],"1":[1,14],"2":[1,8],"3":[3,5]},"_coverageSchema":"332fd63041d2c1bcb487cc26dd0d5f7d97098a6c","hash":"f61e1bfa1afc3c6ec53684ec70687199e4f889e8"}
,"/Users/mackdiego/fullStackLabs/toy-blocks-client-react/src/utils/numberFormat.js": {"path":"/Users/mackdiego/fullStackLabs/toy-blocks-client-react/src/utils/numberFormat.js","statementMap":{"0":{"start":{"line":4,"column":2},"end":{"line":6,"column":3}},"1":{"start":{"line":5,"column":4},"end":{"line":5,"column":14}},"2":{"start":{"line":8,"column":2},"end":{"line":8,"column":41}},"3":{"start":{"line":12,"column":2},"end":{"line":14,"column":3}},"4":{"start":{"line":13,"column":4},"end":{"line":13,"column":13}},"5":{"start":{"line":16,"column":2},"end":{"line":18,"column":3}},"6":{"start":{"line":17,"column":4},"end":{"line":17,"column":14}},"7":{"start":{"line":20,"column":2},"end":{"line":22,"column":3}},"8":{"start":{"line":21,"column":4},"end":{"line":21,"column":14}},"9":{"start":{"line":24,"column":21},"end":{"line":24,"column":42}},"10":{"start":{"line":25,"column":2},"end":{"line":25,"column":79}},"11":{"start":{"line":26,"column":44},"end":{"line":26,"column":76}},"12":{"start":{"line":28,"column":2},"end":{"line":39,"column":3}},"13":{"start":{"line":29,"column":39},"end":{"line":29,"column":65}},"14":{"start":{"line":31,"column":4},"end":{"line":38,"column":5}},"15":{"start":{"line":33,"column":8},"end":{"line":33,"column":45}},"16":{"start":{"line":35,"column":8},"end":{"line":35,"column":34}},"17":{"start":{"line":37,"column":8},"end":{"line":37,"column":28}},"18":{"start":{"line":40,"column":2},"end":{"line":40,"column":22}},"19":{"start":{"line":44,"column":2},"end":{"line":46,"column":3}},"20":{"start":{"line":45,"column":4},"end":{"line":45,"column":17}},"21":{"start":{"line":48,"column":2},"end":{"line":48,"column":21}},"22":{"start":{"line":52,"column":2},"end":{"line":52,"column":77}}},"fnMap":{"0":{"name":"getCurrencyFormattedNumber","decl":{"start":{"line":3,"column":16},"end":{"line":3,"column":42}},"loc":{"start":{"line":3,"column":50},"end":{"line":9,"column":1}},"line":3},"1":{"name":"getFormattedNumber","decl":{"start":{"line":11,"column":16},"end":{"line":11,"column":34}},"loc":{"start":{"line":11,"column":42},"end":{"line":41,"column":1}},"line":11},"2":{"name":"isInt","decl":{"start":{"line":43,"column":16},"end":{"line":43,"column":21}},"loc":{"start":{"line":43,"column":25},"end":{"line":49,"column":1}},"line":43},"3":{"name":"scrubFormatting","decl":{"start":{"line":51,"column":16},"end":{"line":51,"column":31}},"loc":{"start":{"line":51,"column":39},"end":{"line":53,"column":1}},"line":51}},"branchMap":{"0":{"loc":{"start":{"line":4,"column":2},"end":{"line":6,"column":3}},"type":"if","locations":[{"start":{"line":4,"column":2},"end":{"line":6,"column":3}},{"start":{"line":4,"column":2},"end":{"line":6,"column":3}}],"line":4},"1":{"loc":{"start":{"line":12,"column":2},"end":{"line":14,"column":3}},"type":"if","locations":[{"start":{"line":12,"column":2},"end":{"line":14,"column":3}},{"start":{"line":12,"column":2},"end":{"line":14,"column":3}}],"line":12},"2":{"loc":{"start":{"line":16,"column":2},"end":{"line":18,"column":3}},"type":"if","locations":[{"start":{"line":16,"column":2},"end":{"line":18,"column":3}},{"start":{"line":16,"column":2},"end":{"line":18,"column":3}}],"line":16},"3":{"loc":{"start":{"line":20,"column":2},"end":{"line":22,"column":3}},"type":"if","locations":[{"start":{"line":20,"column":2},"end":{"line":22,"column":3}},{"start":{"line":20,"column":2},"end":{"line":22,"column":3}}],"line":20},"4":{"loc":{"start":{"line":28,"column":2},"end":{"line":39,"column":3}},"type":"if","locations":[{"start":{"line":28,"column":2},"end":{"line":39,"column":3}},{"start":{"line":28,"column":2},"end":{"line":39,"column":3}}],"line":28},"5":{"loc":{"start":{"line":31,"column":4},"end":{"line":38,"column":5}},"type":"switch","locations":[{"start":{"line":32,"column":6},"end":{"line":33,"column":45}},{"start":{"line":34,"column":6},"end":{"line":35,"column":34}},{"start":{"line":36,"column":6},"end":{"line":37,"column":28}}],"line":31},"6":{"loc":{"start":{"line":44,"column":2},"end":{"line":46,"column":3}},"type":"if","locations":[{"start":{"line":44,"column":2},"end":{"line":46,"column":3}},{"start":{"line":44,"column":2},"end":{"line":46,"column":3}}],"line":44},"7":{"loc":{"start":{"line":44,"column":6},"end":{"line":44,"column":28}},"type":"binary-expr","locations":[{"start":{"line":44,"column":6},"end":{"line":44,"column":14}},{"start":{"line":44,"column":18},"end":{"line":44,"column":28}}],"line":44}},"s":{"0":1,"1":0,"2":1,"3":3,"4":1,"5":2,"6":1,"7":1,"8":0,"9":1,"10":1,"11":1,"12":1,"13":1,"14":1,"15":0,"16":1,"17":0,"18":0,"19":4,"20":1,"21":3,"22":2},"f":{"0":1,"1":3,"2":4,"3":2},"b":{"0":[0,1],"1":[1,2],"2":[1,1],"3":[0,1],"4":[1,0],"5":[0,1,0],"6":[1,3],"7":[4,3]},"_coverageSchema":"332fd63041d2c1bcb487cc26dd0d5f7d97098a6c","hash":"763874b3285a04fe4a1358fed677fcc54cd35cca"}
,"/Users/mackdiego/fullStackLabs/toy-blocks-client-react/tools/enzymeTestAdapterSetup.js": {"path":"/Users/mackdiego/fullStackLabs/toy-blocks-client-react/tools/enzymeTestAdapterSetup.js","statementMap":{"0":{"start":{"line":4,"column":0},"end":{"line":4,"column":38}}},"fnMap":{},"branchMap":{},"s":{"0":9},"f":{},"b":{},"_coverageSchema":"332fd63041d2c1bcb487cc26dd0d5f7d97098a6c","hash":"787e8cfc8ea817aef7cd53e4fda381de72418c82"}
}
