TN:
SF:/Users/mackdiego/fullStackLabs/toy-blocks-client-react/src/components/Block.js
FN:6,(anonymous_0)
FN:18,(anonymous_1)
FNF:2
FNH:0
FNDA:0,(anonymous_0)
FNDA:0,(anonymous_1)
DA:6,1
DA:7,0
DA:8,0
DA:18,1
DA:37,1
LF:5
LH:3
BRF:0
BRH:0
end_of_record
TN:
SF:/Users/mackdiego/fullStackLabs/toy-blocks-client-react/src/components/Node.js
FN:15,(anonymous_0)
FN:22,(anonymous_1)
FN:53,(anonymous_2)
FN:62,(anonymous_3)
FNF:4
FNH:2
FNDA:2,(anonymous_0)
FNDA:0,(anonymous_1)
FNDA:0,(anonymous_2)
FNDA:1,(anonymous_3)
DA:15,1
DA:16,2
DA:17,2
DA:22,0
DA:54,0
DA:62,1
DA:113,1
LF:7
LH:5
BRDA:36,0,0,2
BRDA:36,0,1,0
BRDA:50,1,0,2
BRDA:50,1,1,2
BRDA:51,2,0,2
BRDA:51,2,1,0
BRDA:51,2,2,0
BRF:7
BRH:4
end_of_record
TN:
SF:/Users/mackdiego/fullStackLabs/toy-blocks-client-react/src/components/Status.js
FN:6,Status
FN:18,(anonymous_1)
FN:19,(anonymous_2)
FN:33,(anonymous_3)
FNF:4
FNH:4
FNDA:2,Status
FNDA:1,(anonymous_1)
FNDA:2,(anonymous_2)
FNDA:2,(anonymous_3)
DA:7,2
DA:8,2
DA:18,1
DA:20,2
DA:25,2
DA:33,2
DA:44,1
LF:7
LH:7
BRDA:12,0,0,0
BRDA:12,0,1,2
BRDA:12,1,0,0
BRDA:12,1,1,2
BRDA:20,2,0,0
BRDA:20,2,1,2
BRDA:22,3,0,0
BRDA:22,3,1,2
BRDA:40,4,0,0
BRDA:40,4,1,2
BRF:10
BRH:5
end_of_record
TN:
SF:/Users/mackdiego/fullStackLabs/toy-blocks-client-react/src/constants/actionTypes.js
FNF:0
FNH:0
DA:1,5
DA:3,5
DA:4,5
DA:5,5
DA:7,5
DA:9,5
DA:10,5
DA:11,5
LF:8
LH:8
BRF:0
BRH:0
end_of_record
TN:
SF:/Users/mackdiego/fullStackLabs/toy-blocks-client-react/src/constants/colors.js
FNF:0
FNH:0
LF:0
LH:0
BRF:0
BRH:0
end_of_record
TN:
SF:/Users/mackdiego/fullStackLabs/toy-blocks-client-react/src/containers/Nodes.js
FN:11,(anonymous_0)
FN:19,(anonymous_1)
FN:24,(anonymous_2)
FN:32,(anonymous_3)
FN:41,(anonymous_4)
FN:48,(anonymous_5)
FN:67,mapStateToProps
FN:73,mapDispatchToProps
FNF:8
FNH:6
FNDA:2,(anonymous_0)
FNDA:2,(anonymous_1)
FNDA:0,(anonymous_2)
FNDA:0,(anonymous_3)
FNDA:2,(anonymous_4)
FNDA:4,(anonymous_5)
FNDA:1,mapStateToProps
FNDA:1,mapDispatchToProps
DA:12,2
DA:13,2
DA:16,2
DA:20,2
DA:21,2
DA:25,0
DA:26,0
DA:28,0
DA:33,0
DA:34,0
DA:35,0
DA:36,0
DA:42,2
DA:43,2
DA:49,4
DA:61,1
DA:68,1
DA:74,1
LF:18
LH:11
BRDA:21,0,0,1
BRDA:21,0,1,1
BRDA:30,1,0,0
BRDA:30,1,1,0
BRDA:35,2,0,0
BRDA:35,2,1,0
BRDA:35,3,0,0
BRDA:35,3,1,0
BRDA:35,3,2,0
BRDA:52,4,0,4
BRDA:52,4,1,0
BRF:11
BRH:3
end_of_record
TN:
SF:/Users/mackdiego/fullStackLabs/toy-blocks-client-react/src/state/initialState.js
FNF:0
FNH:0
LF:0
LH:0
BRF:0
BRH:0
end_of_record
TN:
SF:/Users/mackdiego/fullStackLabs/toy-blocks-client-react/src/state/rootEpics.js
FNF:0
FNH:0
DA:4,1
LF:1
LH:1
BRF:0
BRH:0
end_of_record
TN:
SF:/Users/mackdiego/fullStackLabs/toy-blocks-client-react/src/state/rootReducer.js
FNF:0
FNH:0
DA:4,1
LF:1
LH:1
BRF:0
BRH:0
end_of_record
TN:
SF:/Users/mackdiego/fullStackLabs/toy-blocks-client-react/src/state/modules/blocks/blocks.api.js
FN:4,(anonymous_0)
FN:6,(anonymous_1)
FN:7,(anonymous_2)
FNF:3
FNH:0
FNDA:0,(anonymous_0)
FNDA:0,(anonymous_1)
FNDA:0,(anonymous_2)
DA:5,0
DA:6,0
DA:7,0
DA:8,0
LF:4
LH:0
BRF:0
BRH:0
end_of_record
TN:
SF:/Users/mackdiego/fullStackLabs/toy-blocks-client-react/src/state/modules/blocks/actions/blocks.creators.js
FN:8,(anonymous_0)
FN:12,(anonymous_1)
FN:16,(anonymous_2)
FNF:3
FNH:2
FNDA:1,(anonymous_0)
FNDA:0,(anonymous_1)
FNDA:1,(anonymous_2)
DA:8,3
DA:12,3
DA:13,0
DA:16,3
DA:20,3
LF:5
LH:4
BRF:0
BRH:0
end_of_record
TN:
SF:/Users/mackdiego/fullStackLabs/toy-blocks-client-react/src/state/modules/blocks/epics/blocks.epic.js
FN:13,blocksEpic
FN:16,(anonymous_1)
FN:18,(anonymous_2)
FN:24,(anonymous_3)
FN:29,(anonymous_4)
FN:39,(anonymous_5)
FNF:6
FNH:1
FNDA:1,blocksEpic
FNDA:0,(anonymous_1)
FNDA:0,(anonymous_2)
FNDA:0,(anonymous_3)
FNDA:0,(anonymous_4)
FNDA:0,(anonymous_5)
DA:14,1
DA:17,0
DA:19,0
DA:25,0
DA:30,0
DA:34,0
DA:40,0
LF:7
LH:1
BRF:0
BRH:0
end_of_record
TN:
SF:/Users/mackdiego/fullStackLabs/toy-blocks-client-react/src/state/modules/nodes/actions/nodes.js
FN:4,(anonymous_0)
FN:11,(anonymous_1)
FN:19,(anonymous_2)
FN:26,checkNodeStatus
FN:27,(anonymous_4)
FN:45,checkNodeStatuses
FN:46,(anonymous_6)
FN:47,(anonymous_7)
FNF:8
FNH:7
FNDA:3,(anonymous_0)
FNDA:2,(anonymous_1)
FNDA:0,(anonymous_2)
FNDA:4,checkNodeStatus
FNDA:3,(anonymous_4)
FNDA:1,checkNodeStatuses
FNDA:1,(anonymous_6)
FNDA:2,(anonymous_7)
DA:4,2
DA:5,3
DA:11,2
DA:12,2
DA:19,2
DA:20,0
DA:27,4
DA:28,3
DA:29,3
DA:30,3
DA:32,2
DA:33,0
DA:36,2
DA:38,2
DA:40,0
DA:46,1
DA:47,1
DA:48,2
LF:18
LH:15
BRDA:32,0,0,0
BRDA:32,0,1,2
BRF:2
BRH:1
end_of_record
TN:
SF:/Users/mackdiego/fullStackLabs/toy-blocks-client-react/src/state/modules/nodes/reducers/nodes.reducer.js
FN:12,(anonymous_0)
FN:17,(anonymous_1)
FN:35,(anonymous_2)
FN:39,(anonymous_3)
FN:56,nodesReducer
FN:82,(anonymous_5)
FN:99,(anonymous_6)
FN:118,(anonymous_7)
FNF:8
FNH:8
FNDA:2,(anonymous_0)
FNDA:4,(anonymous_1)
FNDA:1,(anonymous_2)
FNDA:2,(anonymous_3)
FNDA:18,nodesReducer
FNDA:1,(anonymous_5)
FNDA:13,(anonymous_6)
FNDA:1,(anonymous_7)
DA:12,2
DA:13,2
DA:16,2
DA:17,2
DA:18,4
DA:19,2
DA:23,2
DA:24,2
DA:26,2
DA:27,2
DA:29,2
DA:32,0
DA:35,2
DA:38,1
DA:39,1
DA:40,2
DA:41,1
DA:46,1
DA:47,1
DA:49,1
DA:50,1
DA:53,1
DA:61,18
DA:63,1
DA:64,1
DA:69,1
DA:70,1
DA:75,1
DA:76,1
DA:81,1
DA:82,1
DA:83,1
DA:84,1
DA:93,1
DA:98,9
DA:99,13
DA:100,9
DA:101,9
DA:112,9
DA:117,1
DA:118,1
DA:119,1
DA:120,1
DA:130,1
DA:135,4
LF:45
LH:44
BRDA:13,0,0,2
BRDA:13,0,1,0
BRDA:13,1,0,2
BRDA:13,1,1,2
BRDA:18,2,0,2
BRDA:18,2,1,2
BRDA:40,3,0,1
BRDA:40,3,1,1
BRDA:57,4,0,3
BRDA:61,5,0,1
BRDA:61,5,1,1
BRDA:61,5,2,1
BRDA:61,5,3,1
BRDA:61,5,4,9
BRDA:61,5,5,1
BRDA:61,5,6,4
BRDA:83,6,0,1
BRDA:83,6,1,0
BRDA:100,7,0,9
BRDA:100,7,1,0
BRDA:119,8,0,1
BRDA:119,8,1,0
BRF:22
BRH:18
end_of_record
TN:
SF:/Users/mackdiego/fullStackLabs/toy-blocks-client-react/src/store/configureStore.js
FN:16,configureStoreProd
FN:32,configureStoreDev
FN:54,(anonymous_2)
FNF:3
FNH:1
FNDA:0,configureStoreProd
FNDA:1,configureStoreDev
FNDA:0,(anonymous_2)
DA:10,1
DA:12,1
DA:17,0
DA:25,0
DA:33,1
DA:45,1
DA:46,1
DA:52,1
DA:54,0
DA:55,0
DA:56,0
DA:59,1
DA:60,1
DA:64,1
LF:14
LH:9
BRDA:45,0,0,1
BRDA:45,0,1,1
BRDA:52,1,0,0
BRDA:52,1,1,1
BRDA:64,2,0,0
BRDA:64,2,1,1
BRF:6
BRH:4
end_of_record
TN:
SF:/Users/mackdiego/fullStackLabs/toy-blocks-client-react/src/utils/dates.js
FN:1,getFormattedDateTime
FN:5,padLeadingZero
FNF:2
FNH:2
FNDA:2,getFormattedDateTime
FNDA:4,padLeadingZero
DA:2,2
DA:6,4
LF:2
LH:2
BRDA:1,0,0,0
BRDA:6,1,0,2
BRDA:6,1,1,2
BRF:3
BRH:2
end_of_record
TN:
SF:/Users/mackdiego/fullStackLabs/toy-blocks-client-react/src/utils/fuelSavings.js
FN:5,calculateMonthlyCost
FN:11,calculateMilesDrivenPerMonth
FN:27,calculateSavingsPerMonth
FN:40,necessaryDataIsProvidedToCalculateSavings
FN:48,calculateSavings
FNF:5
FNH:4
FNDA:6,calculateMonthlyCost
FNDA:7,calculateMilesDrivenPerMonth
FNDA:4,calculateSavingsPerMonth
FNDA:2,necessaryDataIsProvidedToCalculateSavings
FNDA:0,calculateSavings
DA:6,6
DA:7,6
DA:12,7
DA:13,7
DA:15,7
DA:17,2
DA:19,2
DA:21,2
DA:23,1
DA:28,4
DA:29,1
DA:32,3
DA:33,3
DA:34,3
DA:35,3
DA:37,3
DA:41,2
DA:49,0
DA:51,0
LF:19
LH:17
BRDA:15,0,0,2
BRDA:15,0,1,2
BRDA:15,0,2,2
BRDA:15,0,3,1
BRDA:28,1,0,1
BRDA:28,1,1,3
BRDA:41,2,0,2
BRDA:41,2,1,2
BRDA:41,2,2,1
BRDA:41,2,3,1
BRDA:41,2,4,1
BRF:11
BRH:11
end_of_record
TN:
SF:/Users/mackdiego/fullStackLabs/toy-blocks-client-react/src/utils/math.js
FN:1,roundNumber
FN:15,addArray
FN:16,(anonymous_2)
FN:23,convertToPennies
FNF:4
FNH:4
FNDA:16,roundNumber
FNDA:3,addArray
FNDA:5,(anonymous_2)
FNDA:9,convertToPennies
DA:2,16
DA:3,1
DA:6,15
DA:7,1
DA:10,14
DA:11,14
DA:16,3
DA:17,5
DA:20,3
DA:24,9
DA:25,1
DA:28,8
DA:29,8
DA:30,8
DA:31,8
LF:15
LH:15
BRDA:2,0,0,1
BRDA:2,0,1,15
BRDA:6,1,0,1
BRDA:6,1,1,14
BRDA:24,2,0,1
BRDA:24,2,1,8
BRDA:31,3,0,3
BRDA:31,3,1,5
BRF:8
BRH:8
end_of_record
TN:
SF:/Users/mackdiego/fullStackLabs/toy-blocks-client-react/src/utils/numberFormat.js
FN:3,getCurrencyFormattedNumber
FN:11,getFormattedNumber
FN:43,isInt
FN:51,scrubFormatting
FNF:4
FNH:4
FNDA:1,getCurrencyFormattedNumber
FNDA:3,getFormattedNumber
FNDA:4,isInt
FNDA:2,scrubFormatting
DA:4,1
DA:5,0
DA:8,1
DA:12,3
DA:13,1
DA:16,2
DA:17,1
DA:20,1
DA:21,0
DA:24,1
DA:25,1
DA:26,1
DA:28,1
DA:29,1
DA:31,1
DA:33,0
DA:35,1
DA:37,0
DA:40,0
DA:44,4
DA:45,1
DA:48,3
DA:52,2
LF:23
LH:18
BRDA:4,0,0,0
BRDA:4,0,1,1
BRDA:12,1,0,1
BRDA:12,1,1,2
BRDA:16,2,0,1
BRDA:16,2,1,1
BRDA:20,3,0,0
BRDA:20,3,1,1
BRDA:28,4,0,1
BRDA:28,4,1,0
BRDA:31,5,0,0
BRDA:31,5,1,1
BRDA:31,5,2,0
BRDA:44,6,0,1
BRDA:44,6,1,3
BRDA:44,7,0,4
BRDA:44,7,1,3
BRF:17
BRH:12
end_of_record
TN:
SF:/Users/mackdiego/fullStackLabs/toy-blocks-client-react/tools/enzymeTestAdapterSetup.js
FNF:0
FNH:0
DA:4,9
LF:1
LH:1
BRF:0
BRH:0
end_of_record
